
cases\empty.png:
	[ \meter<"4/4"> f/1 f/1 f/1 f/1 f/1 ]
	


cases\beams4.png:
	[ a/32 a/32 a/32 a/8 a/32 ]
	


cases\chord.png:
	[ \meter<"4/4"> f/32 e/4 ]
	


cases\beams3.png:
	[ a/16 a/16 a/8 a/8 a/32 a/32 a/32 a/8 a/32 a/32 a/32 a/32 a/8 a/32 a/32 a/32 ]
	


cases\weird.png:
	[ \meter<"4/4"> b/16 a/8 e/16 a/8 a/8 a/8 a/32 c2/32 f/16 d/16 ]
	


cases\beams-reversed.png:
	[ a/16 a/16 a/8 a/8 a/32 a/32 a/16 a/16 e2/16 a/16 e/16 e/16 ]
	


cases\m16-16.png:
	[ \meter<"16/16"> d/16 d/16 d/16 d/16 ]
	


cases\beams2.png:
	[ a/1 a/2 a/4 a/8 a/16 a/32 a/8 a/8 a/16 a/16 a/16 a/16 a/32 a/16 a/32 a/32 a/32 a/32 a/32 a/16 a/32 a/32 a/32 a/32 ]
	


cases\beams.png:
	[ \meter<"4/4"> g/8 g/16 g/16 g/8 g/8 g/16 g/16 g/16 g/16 g/16 g/32 g/32 g/16 g/16 g/32 g/32 g/32 g/16 g/32 g/32 g/32 g/32 g/32 g/16 g/16 g/16 g/16 g/32 g/32 g/16 g/32 g/32 g/16 g/16 ]
	


cases\sharp.png:
	[ \meter<"4/4"> e#/4 e&/4 e/4 e##/4 e&&/4 ]
	


cases\notes.png:
	[ \meter<"1/4"> c/4 d/4 e/4 f/4 g/4 a/4 b/4 c2/4 d2/4 e2/4 f2/4 g2/4 a2/4 b2/1 ]
	


cases\full.png:
	[ \meter<"8/8"> c/1 d/2 d/2 e/4 e/4 e/4 e/4 ]
	[ f/8 f/8 f/8 f/8 f/8 f/8 f/8 f/8 g/16 g/16 g/16 g/16 g/16 g/16 g/16 g/16 g/16 g/16 g/16 g/16 g/16 g/16 g/16 g/16 ]
	[ b/32 b/32 b/32 b/32 b/32 b/32 b/32 b/32 b/32 b/32 b/32 b/32 b/32 b/32 b/32 b/32 b/32 b/32 b/32 b/32 b/32 b/32 b/32 b/32 b/32 b/32 b/32 b/32 b/32 b/32 b/32 b/32 ]
	


cases\8-8.png:
	[ \meter<"4/8"> g/8 g/8 g/8 g/8 ]
	


cases\2.png:
	[ \meter<"8/16"> d/2 e/2 f/2 g/2 ]
	


cases\beam.png:
	[ \meter<"4/4"> c/16 d/16 e/16 f/16 c/16 d/16 e/16 f/16 c/16 d/16 e/16 f/16 c/16 d/16 e/16 f/16 c/8 d/32 e/32 f/32 c/32 d/32 e/32 f/32 c/8 d/32 e/32 f/32 c/32 d/32 e/32 f/32 e/8 e/32 e/32 e/32 e/32 e/32 e/32 e/32 e/8 e/32 e/32 e/32 e/32 e/32 e/32 e/32 ]
	


cases\16.png:
	[ \meter<"4/16"> d/16 e/16 f/16 g/16 ]
	


cases\art-dots.png:
	[ c/32 d/32 e/32 f/32 c/32 d/32 e/32 f/32 c/32 d/32 e/32 f/32 c/32 d/32 e/32 f/32 c/32 d/32 e/32 f/32 c/32 d/32 e/32 f/32 c/32 d/32 e/32 f/32 c/32 d/32 e/32 f/32 d/8 d/8 ]
	


cases\acc-beam-2.png:
	[ \meter<"2/4"> c/16 d/32 e/32 f/16 g/32 a/32 c2/16 b/32 a/16 g/16 f/32 e/16 ]
	


cases\art-dots-2.png:
	cannot convert float NaN to integer
	cannot convert float NaN to integer
	cannot convert float NaN to integer
	[ \meter<"4/16"> c/32 d/32 e/32 f/32 c/32 d/32 e/32 f/32 c/32 d/32 e/32 f/32 c/32 d/32 e/32 f/32 c/32 d/32 e/32 f/32 c/32 d/32 e/32 f/32 c/32 d/32 e/32 f/32 c/32 d/32 e/32 f/32 d/4 None/1 None/4 d/4 None/4 ]
	


cases\10.PNG:
	[ \meter<"4/8"> g/4 ]
	


cases\16-16.png:
	[ \meter<"2/4"> e/16 e/16 e/16 e/16 e/16 e/16 e/16 e/16 ]
	


cases\acc-beam.png:
	[ \meter<"2/4"> c/32 d/16 e/32 f/32 g/32 a/32 b/32 c2/32 c2/32 b/32 a/32 g/32 f/32 e/32 d/16 c/32 ]
	


cases\09.PNG:
	[ f/16 g/16 a/16 b/16 c/16 d/16 e/16 f/16 ]
	


cases\all.png:
	cannot convert float NaN to integer
	[ \meter<"1/1"> None/32 c/2 d/2 c/4 d/4 e/4 f/4 ]
	[ c/8 d/8 e/8 f/8 c/8 d/8 e/8 f/8 c/16 d/16 e/16 f/16 c/16 d/16 e/16 f/16 c/16 d/16 e/16 f/16 c/16 d/16 e/16 f/16 ]
	[ c/32 d/32 e/32 f/32 c/32 d/32 e/32 f/32 c/32 d/32 e/32 f/32 c/32 d/32 e/32 f/32 c/32 d/32 e/32 f/32 c/32 d/32 e/32 f/32 c/32 d/32 e/32 f/32 c/32 d/32 e/32 f/32 ]
	


cases\04.PNG:
	[ c/4 d/4 e/4 f/4 g/4 a/4 b/4 c2/4 d2/4 e2/4 f2/4 g2/4 a2/4 b2/1 ]
	


cases\08.PNG:
	[ c/8 g/8 a/8 b/8 ]
	


cases\05.PNG:
	[ e#/4 e&/4 e/4 e##/4 e&&/4 ]
	


cases\01.PNG:
	[ d/4 e/32 e2/2 d/4 f/4 e/2 d/8 c/4 g/16 c/4 e/1 ]
	


cases\07.PNG:
	[ f/32 e/4 ]
	


cases\03.PNG:
	[ c/4 d/4 e/4 f/4 g/4 a/4 b/4 ]
	


cases\06.PNG:
	cannot convert float NaN to integer
	[ c/4 c/4 c/4 None/1 ]
	


cases\02.PNG:
	[ \meter<"32/32"> c/4 c/16 c/16 c/16 c/16 e/32 c/8 c/4 e2/2 c/8 c#/16 c/4 c/16 c/16 c/16 c/16 c/4 e/8 c/16 c/16 e/16 c/16 e/32 f&&/4 c/16 c/4 c/4 e/4 c/4 c#/4 d/8 c/4 c/8 g/32 c/16 e/32 c/8 c/32 ]
	


